<?xml version="1.0" encoding="UTF-8"?>
<testng-results ignored="0" total="1" passed="1" failed="0" skipped="0">
  <reporter-output>
  </reporter-output>
  <suite started-at="2021-01-22T14:03:28 IST" name="Default suite" finished-at="2021-01-22T14:03:30 IST" duration-ms="2549">
    <groups>
    </groups>
    <test started-at="2021-01-22T14:03:28 IST" name="Default test" finished-at="2021-01-22T14:03:30 IST" duration-ms="2549">
      <class name="bestBuyAPITestScripts.GetProductNameDescription">
        <test-method signature="GetProductNameAndDescription()[pri:0, instance:bestBuyAPITestScripts.GetProductNameDescription@1018bde2]" started-at="2021-01-22T14:03:28 IST" name="GetProductNameAndDescription" finished-at="2021-01-22T14:03:30 IST" duration-ms="2481" status="PASS">
          <reporter-output>
          </reporter-output>
        </test-method> <!-- GetProductNameAndDescription -->
      </class> <!-- bestBuyAPITestScripts.GetProductNameDescription -->
    </test> <!-- Default test -->
  </suite> <!-- Default suite -->
</testng-results>
